<?xml version="1.0" encoding="UTF-8"?>
<testsuite xmlns:xsi="http://www.w3.org/2001/XMLSchema-instance" xsi:noNamespaceSchemaLocation="https://maven.apache.org/surefire/maven-surefire-plugin/xsd/surefire-test-report-3.0.xsd" version="3.0" name="com.compass.service.FileUploadServiceTest" time="0.134" tests="6" errors="0" skipped="0" failures="0">
  <properties>
[...]
</properties>
  <testcase name="validateFile_noExtension_throws" classname="com.compass.service.FileUploadServiceTest" time="0.08"/>
  <testcase name="validateFile_disallowedExtension_throws" classname="com.compass.service.FileUploadServiceTest" time="0.006"/>
  <testcase name="validateFile_nullFile_throws" classname="com.compass.service.FileUploadServiceTest" time="0.005"/>
  <testcase name="validateFile_validPdf_noException" classname="com.compass.service.FileUploadServiceTest" time="0.007"/>
  <testcase name="validateFile_nonExistentFile_throws" classname="com.compass.service.FileUploadServiceTest" time="0.012"/>
  <testcase name="validateFile_acceptedExtensions" classname="com.compass.service.FileUploadServiceTest" time="0.011"/>
</testsuite>