<?xml version="1.0" encoding="UTF-8"?>
<testsuite xmlns:xsi="http://www.w3.org/2001/XMLSchema-instance" xsi:noNamespaceSchemaLocation="https://maven.apache.org/surefire/maven-surefire-plugin/xsd/surefire-test-report-3.0.xsd" version="3.0" name="com.compass.service.PerformanceAnalyticsTest" time="0.12" tests="7" errors="0" skipped="0" failures="0">
  <properties>
[...]
</properties>
  <testcase name="departmentStats_efficiencyCalculation" classname="com.compass.service.PerformanceAnalyticsTest" time="0.091"/>
  <testcase name="getSlowest_noStats_returnsNull" classname="com.compass.service.PerformanceAnalyticsTest" time="0.003"/>
  <testcase name="getTotalComplaints_delegatesToRepository" classname="com.compass.service.PerformanceAnalyticsTest" time="0.016"/>
  <testcase name="getBestPerforming_noStats_returnsNull" classname="com.compass.service.PerformanceAnalyticsTest" time="0.001"/>
  <testcase name="getResolvedCount_delegatesToRepository" classname="com.compass.service.PerformanceAnalyticsTest" time="0.002"/>
  <testcase name="getPendingCount_delegatesToRepository" classname="com.compass.service.PerformanceAnalyticsTest" time="0.001"/>
  <testcase name="getAllDepartments_returnsActive" classname="com.compass.service.PerformanceAnalyticsTest" time="0.001"/>
</testsuite>